#-----------------------------------------------------------
# Vivado v2018.2 (64-bit)
# SW Build 2258646 on Thu Jun 14 20:03:12 MDT 2018
# IP Build 2256618 on Thu Jun 14 22:10:49 MDT 2018
# Start of session at: Wed Apr 17 16:01:02 2024
# Process ID: 8832
# Current directory: C:/Users/zak/Documents/School/CSM152A/lab1/project_2
# Command line: vivado.exe -gui_launcher_event rodinguilauncherevent13704 C:\Users\zak\Documents\School\CSM152A\lab1\project_2\project_2.xpr
# Log file: C:/Users/zak/Documents/School/CSM152A/lab1/project_2/vivado.log
# Journal file: C:/Users/zak/Documents/School/CSM152A/lab1/project_2\vivado.jou
#-----------------------------------------------------------
start_gui
open_project C:/Users/zak/Documents/School/CSM152A/lab1/project_2/project_2.xpr
CRITICAL WARNING: [Project 1-19] Could not find the file 'C:/Users/zak/Downloads/Src_lab1/Src_lab1/rtl/seq_definitions.v'.
CRITICAL WARNING: [Project 1-19] Could not find the file 'C:/Users/zak/Downloads/Src_lab1/Src_lab1/rtl/seq.v'.
CRITICAL WARNING: [Project 1-19] Could not find the file 'C:/Users/zak/Downloads/Src_lab1/Src_lab1/rtl/seq_add.v'.
CRITICAL WARNING: [Project 1-19] Could not find the file 'C:/Users/zak/Downloads/Src_lab1/Src_lab1/rtl/seq_alu.v'.
CRITICAL WARNING: [Project 1-19] Could not find the file 'C:/Users/zak/Downloads/Src_lab1/Src_lab1/rtl/seq_mult.v'.
CRITICAL WARNING: [Project 1-19] Could not find the file 'C:/Users/zak/Downloads/Src_lab1/Src_lab1/rtl/seq_rf.v'.
CRITICAL WARNING: [Project 1-19] Could not find the file 'C:/Users/zak/Downloads/Src_lab1/Src_lab1/rtl/uart.v'.
CRITICAL WARNING: [Project 1-19] Could not find the file 'C:/Users/zak/Downloads/Src_lab1/Src_lab1/rtl/uart_fifo.v'.
CRITICAL WARNING: [Project 1-19] Could not find the file 'C:/Users/zak/Downloads/Src_lab1/Src_lab1/rtl/uart_top.v'.
CRITICAL WARNING: [Project 1-19] Could not find the file 'C:/Users/zak/Downloads/Src_lab1/Src_lab1/rtl/basys3.v'.
CRITICAL WARNING: [Project 1-19] Could not find the file 'C:/Users/zak/Downloads/Src_lab1/Src_lab1/tb/model_uart.v'.
CRITICAL WARNING: [Project 1-19] Could not find the file 'C:/Users/zak/Downloads/Src_lab1/Src_lab1/Basys-3_lab1.xdc'.
CRITICAL WARNING: [Project 1-19] Could not find the file 'C:/Users/zak/Downloads/Src_lab1/Src_lab1/tb/tb.v'.
Scanning sources...
Finished scanning sources
INFO: [IP_Flow 19-234] Refreshing IP repositories
INFO: [IP_Flow 19-1704] No user IP repositories specified
INFO: [IP_Flow 19-2313] Loaded Vivado IP repository 'C:/Xilinx/Vivado/2018.2/data/ip'.
open_project: Time (s): cpu = 00:00:11 ; elapsed = 00:00:06 . Memory (MB): peak = 869.867 ; gain = 127.281
update_compile_order -fileset sources_1
exit
INFO: [Common 17-206] Exiting Vivado at Wed Apr 17 16:01:35 2024...
